I, [2018-06-27T11:21:19.724079 #7316]  INFO -- : Received OPTIONS request for mock service administration endpoint DELETE /interactions. Returning CORS headers: {"Access-Control-Allow-Origin":"http://localhost:9876","Access-Control-Allow-Headers":"content-type,x-pact-mock-service","Access-Control-Allow-Methods":"DELETE, POST, GET, HEAD, PUT, TRACE, CONNECT, PATCH"}.
I, [2018-06-27T11:21:19.729765 #7316]  INFO -- : Cleared interactions before example ""
I, [2018-06-27T11:21:21.728149 #7316]  INFO -- : Registered expected interaction GET /hello-service/api?name=Chris
D, [2018-06-27T11:21:21.728405 #7316] DEBUG -- : {
  "description": "a request for say hello",
  "request": {
    "method": "GET",
    "path": "/hello-service/api",
    "query": "name=Chris"
  },
  "response": {
    "status": 200,
    "headers": {
      "Content-Type": "application/json"
    },
    "body": "Hello Chris!"
  }
}
I, [2018-06-27T11:21:21.750022 #7316]  INFO -- : Received request GET /hello-service/api?name=Chris
D, [2018-06-27T11:21:21.750220 #7316] DEBUG -- : {
  "path": "/hello-service/api",
  "query": "name=Chris",
  "method": "get",
  "headers": {
    "X-Forwarded-Host": "localhost:9876",
    "X-Forwarded-Proto": "http",
    "X-Forwarded-Port": "9876",
    "X-Forwarded-For": "127.0.0.1",
    "Cookie": "io=oIOK9ICoKf51gb06AAAA",
    "Accept-Language": "en-US,en;q=0.9",
    "Accept-Encoding": "gzip, deflate, br",
    "Referer": "http://localhost:9876/context.html",
    "User-Agent": "Mozilla/5.0 (Macintosh; Intel Mac OS X 10_13_3) AppleWebKit/537.36 (KHTML, like Gecko) Chrome/67.0.3396.99 Safari/537.36",
    "Accept": "application/json, text/plain, */*",
    "Connection": "close",
    "Host": "localhost:9876",
    "Version": "HTTP/1.1"
  }
}
I, [2018-06-27T11:21:21.750469 #7316]  INFO -- : Found matching response for GET /hello-service/api?name=Chris
D, [2018-06-27T11:21:21.750554 #7316] DEBUG -- : {
  "status": 200,
  "headers": {
    "Content-Type": "application/json"
  },
  "body": "Hello Chris!"
}
I, [2018-06-27T11:21:21.772840 #7316]  INFO -- : Received OPTIONS request for mock service administration endpoint GET /interactions/verification. Returning CORS headers: {"Access-Control-Allow-Origin":"http://localhost:9876","Access-Control-Allow-Headers":"content-type,x-pact-mock-service","Access-Control-Allow-Methods":"DELETE, POST, GET, HEAD, PUT, TRACE, CONNECT, PATCH"}.
I, [2018-06-27T11:21:21.777438 #7316]  INFO -- : Verifying - interactions matched for example ""
I, [2018-06-27T11:21:21.781995 #7316]  INFO -- : Cleared interactions before example ""
I, [2018-06-27T11:21:21.789081 #7316]  INFO -- : Received OPTIONS request for mock service administration endpoint POST /pact. Returning CORS headers: {"Access-Control-Allow-Origin":"http://localhost:9876","Access-Control-Allow-Headers":"content-type,x-pact-mock-service","Access-Control-Allow-Methods":"DELETE, POST, GET, HEAD, PUT, TRACE, CONNECT, PATCH"}.
I, [2018-06-27T11:21:21.792764 #7316]  INFO -- : Writing pact with details {:consumer=>{:name=>"hello-client"}, :provider=>{:name=>"hello-service"}, :pactfile_write_mode=>"overwrite"}
I, [2018-06-27T11:21:21.792908 #7316]  INFO -- : Writing pact for hello-service to /Users/cfonville/Dev/angular-pact-example/pacts/hello-client-hello-service.json
I, [2018-06-27T11:21:21.798689 #7316]  INFO -- : Cleared interactions before example ""
I, [2018-06-27T11:42:01.838989 #7316]  INFO -- : Received OPTIONS request for mock service administration endpoint DELETE /interactions. Returning CORS headers: {"Access-Control-Allow-Origin":"http://localhost:9876","Access-Control-Allow-Headers":"content-type,x-pact-mock-service","Access-Control-Allow-Methods":"DELETE, POST, GET, HEAD, PUT, TRACE, CONNECT, PATCH"}.
I, [2018-06-27T11:42:01.844452 #7316]  INFO -- : Cleared interactions before example ""
I, [2018-06-27T11:42:03.843893 #7316]  INFO -- : Registered expected interaction GET /hello-service/api?name=Chris
D, [2018-06-27T11:42:03.844020 #7316] DEBUG -- : {
  "description": "a request for say hello",
  "request": {
    "method": "GET",
    "path": "/hello-service/api",
    "query": "name=Chris"
  },
  "response": {
    "status": 200,
    "headers": {
      "Content-Type": "application/json"
    },
    "body": "Hello Chris!"
  }
}
I, [2018-06-27T11:42:03.865268 #7316]  INFO -- : Received request GET /hello-service/api?name=Chris
D, [2018-06-27T11:42:03.865395 #7316] DEBUG -- : {
  "path": "/hello-service/api",
  "query": "name=Chris",
  "method": "get",
  "headers": {
    "X-Forwarded-Host": "localhost:9876",
    "X-Forwarded-Proto": "http",
    "X-Forwarded-Port": "9876",
    "X-Forwarded-For": "127.0.0.1",
    "Cookie": "io=oIOK9ICoKf51gb06AAAA",
    "Accept-Language": "en-US,en;q=0.9",
    "Accept-Encoding": "gzip, deflate, br",
    "Referer": "http://localhost:9876/context.html",
    "User-Agent": "Mozilla/5.0 (Macintosh; Intel Mac OS X 10_13_3) AppleWebKit/537.36 (KHTML, like Gecko) Chrome/67.0.3396.99 Safari/537.36",
    "Accept": "application/json, text/plain, */*",
    "Connection": "close",
    "Host": "localhost:9876",
    "Version": "HTTP/1.1"
  }
}
I, [2018-06-27T11:42:03.865546 #7316]  INFO -- : Found matching response for GET /hello-service/api?name=Chris
D, [2018-06-27T11:42:03.865645 #7316] DEBUG -- : {
  "status": 200,
  "headers": {
    "Content-Type": "application/json"
  },
  "body": "Hello Chris!"
}
I, [2018-06-27T11:42:03.879749 #7316]  INFO -- : Received OPTIONS request for mock service administration endpoint GET /interactions/verification. Returning CORS headers: {"Access-Control-Allow-Origin":"http://localhost:9876","Access-Control-Allow-Headers":"content-type,x-pact-mock-service","Access-Control-Allow-Methods":"DELETE, POST, GET, HEAD, PUT, TRACE, CONNECT, PATCH"}.
I, [2018-06-27T11:42:03.883644 #7316]  INFO -- : Verifying - interactions matched for example ""
I, [2018-06-27T11:42:03.888726 #7316]  INFO -- : Cleared interactions before example ""
I, [2018-06-27T11:42:03.892836 #7316]  INFO -- : Received OPTIONS request for mock service administration endpoint POST /pact. Returning CORS headers: {"Access-Control-Allow-Origin":"http://localhost:9876","Access-Control-Allow-Headers":"content-type,x-pact-mock-service","Access-Control-Allow-Methods":"DELETE, POST, GET, HEAD, PUT, TRACE, CONNECT, PATCH"}.
I, [2018-06-27T11:42:03.896124 #7316]  INFO -- : Writing pact with details {:consumer=>{:name=>"hello-client"}, :provider=>{:name=>"hello-service"}, :pactfile_write_mode=>"overwrite"}
I, [2018-06-27T11:42:03.896211 #7316]  INFO -- : Writing pact for hello-service to /Users/cfonville/Dev/angular-pact-example/pacts/hello-client-hello-service.json
I, [2018-06-27T11:42:03.901549 #7316]  INFO -- : Cleared interactions before example ""
I, [2018-06-27T11:42:17.326835 #7316]  INFO -- : Received OPTIONS request for mock service administration endpoint DELETE /interactions. Returning CORS headers: {"Access-Control-Allow-Origin":"http://localhost:9876","Access-Control-Allow-Headers":"content-type,x-pact-mock-service","Access-Control-Allow-Methods":"DELETE, POST, GET, HEAD, PUT, TRACE, CONNECT, PATCH"}.
I, [2018-06-27T11:42:17.330277 #7316]  INFO -- : Cleared interactions before example ""
I, [2018-06-27T11:42:19.331639 #7316]  INFO -- : Registered expected interaction GET /hello-service/api?name=Chris
D, [2018-06-27T11:42:19.331787 #7316] DEBUG -- : {
  "description": "a request for say hello",
  "request": {
    "method": "GET",
    "path": "/hello-service/api",
    "query": "name=Chris"
  },
  "response": {
    "status": 200,
    "headers": {
      "Content-Type": "application/json"
    },
    "body": "Hello Chris!"
  }
}
I, [2018-06-27T11:42:19.353131 #7316]  INFO -- : Received request GET /hello-service/api?name=Chris
D, [2018-06-27T11:42:19.353277 #7316] DEBUG -- : {
  "path": "/hello-service/api",
  "query": "name=Chris",
  "method": "get",
  "headers": {
    "X-Forwarded-Host": "localhost:9876",
    "X-Forwarded-Proto": "http",
    "X-Forwarded-Port": "9876",
    "X-Forwarded-For": "127.0.0.1",
    "Cookie": "io=oIOK9ICoKf51gb06AAAA",
    "Accept-Language": "en-US,en;q=0.9",
    "Accept-Encoding": "gzip, deflate, br",
    "Referer": "http://localhost:9876/context.html",
    "User-Agent": "Mozilla/5.0 (Macintosh; Intel Mac OS X 10_13_3) AppleWebKit/537.36 (KHTML, like Gecko) Chrome/67.0.3396.99 Safari/537.36",
    "Accept": "application/json, text/plain, */*",
    "Connection": "close",
    "Host": "localhost:9876",
    "Version": "HTTP/1.1"
  }
}
I, [2018-06-27T11:42:19.353428 #7316]  INFO -- : Found matching response for GET /hello-service/api?name=Chris
D, [2018-06-27T11:42:19.353497 #7316] DEBUG -- : {
  "status": 200,
  "headers": {
    "Content-Type": "application/json"
  },
  "body": "Hello Chris!"
}
I, [2018-06-27T11:42:19.372245 #7316]  INFO -- : Received OPTIONS request for mock service administration endpoint GET /interactions/verification. Returning CORS headers: {"Access-Control-Allow-Origin":"http://localhost:9876","Access-Control-Allow-Headers":"content-type,x-pact-mock-service","Access-Control-Allow-Methods":"DELETE, POST, GET, HEAD, PUT, TRACE, CONNECT, PATCH"}.
I, [2018-06-27T11:42:19.378400 #7316]  INFO -- : Verifying - interactions matched for example ""
I, [2018-06-27T11:42:19.382696 #7316]  INFO -- : Cleared interactions before example ""
I, [2018-06-27T11:42:19.387177 #7316]  INFO -- : Received OPTIONS request for mock service administration endpoint POST /pact. Returning CORS headers: {"Access-Control-Allow-Origin":"http://localhost:9876","Access-Control-Allow-Headers":"content-type,x-pact-mock-service","Access-Control-Allow-Methods":"DELETE, POST, GET, HEAD, PUT, TRACE, CONNECT, PATCH"}.
I, [2018-06-27T11:42:19.390494 #7316]  INFO -- : Writing pact with details {:consumer=>{:name=>"hello-client"}, :provider=>{:name=>"hello-service"}, :pactfile_write_mode=>"overwrite"}
I, [2018-06-27T11:42:19.390566 #7316]  INFO -- : Writing pact for hello-service to /Users/cfonville/Dev/angular-pact-example/pacts/hello-client-hello-service.json
I, [2018-06-27T11:42:19.395122 #7316]  INFO -- : Cleared interactions before example ""
I, [2018-06-27T11:42:20.487485 #7316]  INFO -- : Cleared interactions before example ""
I, [2018-06-27T11:42:22.490744 #7316]  INFO -- : Received OPTIONS request for mock service administration endpoint POST /interactions. Returning CORS headers: {"Access-Control-Allow-Origin":"http://localhost:9876","Access-Control-Allow-Headers":"content-type,x-pact-mock-service","Access-Control-Allow-Methods":"DELETE, POST, GET, HEAD, PUT, TRACE, CONNECT, PATCH"}.
I, [2018-06-27T11:42:22.494654 #7316]  INFO -- : Registered expected interaction GET /hello-service/api?name=Chris
D, [2018-06-27T11:42:22.494761 #7316] DEBUG -- : {
  "description": "a request for say hello",
  "request": {
    "method": "GET",
    "path": "/hello-service/api",
    "query": "name=Chris"
  },
  "response": {
    "status": 200,
    "headers": {
      "Content-Type": "application/json"
    },
    "body": "Hello Chris!"
  }
}
I, [2018-06-27T11:42:22.514969 #7316]  INFO -- : Received request GET /hello-service/api?name=Chris
D, [2018-06-27T11:42:22.515097 #7316] DEBUG -- : {
  "path": "/hello-service/api",
  "query": "name=Chris",
  "method": "get",
  "headers": {
    "X-Forwarded-Host": "localhost:9876",
    "X-Forwarded-Proto": "http",
    "X-Forwarded-Port": "9876",
    "X-Forwarded-For": "127.0.0.1",
    "Cookie": "io=oIOK9ICoKf51gb06AAAA",
    "Accept-Language": "en-US,en;q=0.9",
    "Accept-Encoding": "gzip, deflate, br",
    "Referer": "http://localhost:9876/context.html",
    "User-Agent": "Mozilla/5.0 (Macintosh; Intel Mac OS X 10_13_3) AppleWebKit/537.36 (KHTML, like Gecko) Chrome/67.0.3396.99 Safari/537.36",
    "Accept": "application/json, text/plain, */*",
    "Connection": "close",
    "Host": "localhost:9876",
    "Version": "HTTP/1.1"
  }
}
I, [2018-06-27T11:42:22.515243 #7316]  INFO -- : Found matching response for GET /hello-service/api?name=Chris
D, [2018-06-27T11:42:22.515311 #7316] DEBUG -- : {
  "status": 200,
  "headers": {
    "Content-Type": "application/json"
  },
  "body": "Hello Chris!"
}
I, [2018-06-27T11:42:22.534605 #7316]  INFO -- : Verifying - interactions matched for example ""
I, [2018-06-27T11:42:22.539944 #7316]  INFO -- : Cleared interactions before example ""
I, [2018-06-27T11:42:22.544435 #7316]  INFO -- : Writing pact with details {:consumer=>{:name=>"hello-client"}, :provider=>{:name=>"hello-service"}, :pactfile_write_mode=>"overwrite"}
I, [2018-06-27T11:42:22.544572 #7316]  INFO -- : Writing pact for hello-service to /Users/cfonville/Dev/angular-pact-example/pacts/hello-client-hello-service.json
I, [2018-06-27T11:42:22.549794 #7316]  INFO -- : Cleared interactions before example ""
I, [2018-06-27T11:42:26.377118 #7316]  INFO -- : Cleared interactions before example ""
I, [2018-06-27T11:42:28.382626 #7316]  INFO -- : Received OPTIONS request for mock service administration endpoint POST /interactions. Returning CORS headers: {"Access-Control-Allow-Origin":"http://localhost:9876","Access-Control-Allow-Headers":"content-type,x-pact-mock-service","Access-Control-Allow-Methods":"DELETE, POST, GET, HEAD, PUT, TRACE, CONNECT, PATCH"}.
I, [2018-06-27T11:42:28.386589 #7316]  INFO -- : Registered expected interaction GET /hello-service/api?name=Chris
D, [2018-06-27T11:42:28.386705 #7316] DEBUG -- : {
  "description": "a request for say hello",
  "request": {
    "method": "GET",
    "path": "/hello-service/api",
    "query": "name=Chris"
  },
  "response": {
    "status": 200,
    "headers": {
      "Content-Type": "application/json"
    },
    "body": "Hello Chris!"
  }
}
I, [2018-06-27T11:42:28.404728 #7316]  INFO -- : Received request GET /hello-service/api?name=Chris
D, [2018-06-27T11:42:28.404877 #7316] DEBUG -- : {
  "path": "/hello-service/api",
  "query": "name=Chris",
  "method": "get",
  "headers": {
    "X-Forwarded-Host": "localhost:9876",
    "X-Forwarded-Proto": "http",
    "X-Forwarded-Port": "9876",
    "X-Forwarded-For": "127.0.0.1",
    "Cookie": "io=oIOK9ICoKf51gb06AAAA",
    "Accept-Language": "en-US,en;q=0.9",
    "Accept-Encoding": "gzip, deflate, br",
    "Referer": "http://localhost:9876/context.html",
    "User-Agent": "Mozilla/5.0 (Macintosh; Intel Mac OS X 10_13_3) AppleWebKit/537.36 (KHTML, like Gecko) Chrome/67.0.3396.99 Safari/537.36",
    "Accept": "application/json, text/plain, */*",
    "Connection": "close",
    "Host": "localhost:9876",
    "Version": "HTTP/1.1"
  }
}
I, [2018-06-27T11:42:28.404999 #7316]  INFO -- : Found matching response for GET /hello-service/api?name=Chris
D, [2018-06-27T11:42:28.405074 #7316] DEBUG -- : {
  "status": 200,
  "headers": {
    "Content-Type": "application/json"
  },
  "body": "Hello Chris!"
}
I, [2018-06-27T11:42:28.421443 #7316]  INFO -- : Received OPTIONS request for mock service administration endpoint GET /interactions/verification. Returning CORS headers: {"Access-Control-Allow-Origin":"http://localhost:9876","Access-Control-Allow-Headers":"content-type,x-pact-mock-service","Access-Control-Allow-Methods":"DELETE, POST, GET, HEAD, PUT, TRACE, CONNECT, PATCH"}.
I, [2018-06-27T11:42:28.425271 #7316]  INFO -- : Verifying - interactions matched for example ""
I, [2018-06-27T11:42:28.430248 #7316]  INFO -- : Cleared interactions before example ""
I, [2018-06-27T11:42:28.435697 #7316]  INFO -- : Received OPTIONS request for mock service administration endpoint POST /pact. Returning CORS headers: {"Access-Control-Allow-Origin":"http://localhost:9876","Access-Control-Allow-Headers":"content-type,x-pact-mock-service","Access-Control-Allow-Methods":"DELETE, POST, GET, HEAD, PUT, TRACE, CONNECT, PATCH"}.
I, [2018-06-27T11:42:28.439888 #7316]  INFO -- : Writing pact with details {:consumer=>{:name=>"hello-client"}, :provider=>{:name=>"hello-service"}, :pactfile_write_mode=>"overwrite"}
I, [2018-06-27T11:42:28.439981 #7316]  INFO -- : Writing pact for hello-service to /Users/cfonville/Dev/angular-pact-example/pacts/hello-client-hello-service.json
I, [2018-06-27T11:42:28.444830 #7316]  INFO -- : Cleared interactions before example ""
I, [2018-06-27T11:42:46.223926 #7316]  INFO -- : Received OPTIONS request for mock service administration endpoint DELETE /interactions. Returning CORS headers: {"Access-Control-Allow-Origin":"http://localhost:9876","Access-Control-Allow-Headers":"content-type,x-pact-mock-service","Access-Control-Allow-Methods":"DELETE, POST, GET, HEAD, PUT, TRACE, CONNECT, PATCH"}.
I, [2018-06-27T11:42:46.227866 #7316]  INFO -- : Cleared interactions before example ""
I, [2018-06-27T11:42:48.229816 #7316]  INFO -- : Registered expected interaction GET /hello-service/api?name=Chris
D, [2018-06-27T11:42:48.230017 #7316] DEBUG -- : {
  "description": "a request for say hello",
  "request": {
    "method": "GET",
    "path": "/hello-service/api",
    "query": "name=Chris"
  },
  "response": {
    "status": 200,
    "headers": {
      "Content-Type": "application/json"
    },
    "body": "Hello Chris!"
  }
}
I, [2018-06-27T11:42:48.248516 #7316]  INFO -- : Received request GET /hello-service/api?name=Chris
D, [2018-06-27T11:42:48.248667 #7316] DEBUG -- : {
  "path": "/hello-service/api",
  "query": "name=Chris",
  "method": "get",
  "headers": {
    "X-Forwarded-Host": "localhost:9876",
    "X-Forwarded-Proto": "http",
    "X-Forwarded-Port": "9876",
    "X-Forwarded-For": "127.0.0.1",
    "Cookie": "io=oIOK9ICoKf51gb06AAAA",
    "Accept-Language": "en-US,en;q=0.9",
    "Accept-Encoding": "gzip, deflate, br",
    "Referer": "http://localhost:9876/context.html",
    "User-Agent": "Mozilla/5.0 (Macintosh; Intel Mac OS X 10_13_3) AppleWebKit/537.36 (KHTML, like Gecko) Chrome/67.0.3396.99 Safari/537.36",
    "Accept": "application/json, text/plain, */*",
    "Connection": "close",
    "Host": "localhost:9876",
    "Version": "HTTP/1.1"
  }
}
I, [2018-06-27T11:42:48.248791 #7316]  INFO -- : Found matching response for GET /hello-service/api?name=Chris
D, [2018-06-27T11:42:48.248868 #7316] DEBUG -- : {
  "status": 200,
  "headers": {
    "Content-Type": "application/json"
  },
  "body": "Hello Chris!"
}
I, [2018-06-27T11:42:48.263730 #7316]  INFO -- : Received OPTIONS request for mock service administration endpoint GET /interactions/verification. Returning CORS headers: {"Access-Control-Allow-Origin":"http://localhost:9876","Access-Control-Allow-Headers":"content-type,x-pact-mock-service","Access-Control-Allow-Methods":"DELETE, POST, GET, HEAD, PUT, TRACE, CONNECT, PATCH"}.
I, [2018-06-27T11:42:48.267395 #7316]  INFO -- : Verifying - interactions matched for example ""
I, [2018-06-27T11:42:48.271627 #7316]  INFO -- : Cleared interactions before example ""
I, [2018-06-27T11:42:48.276371 #7316]  INFO -- : Received OPTIONS request for mock service administration endpoint POST /pact. Returning CORS headers: {"Access-Control-Allow-Origin":"http://localhost:9876","Access-Control-Allow-Headers":"content-type,x-pact-mock-service","Access-Control-Allow-Methods":"DELETE, POST, GET, HEAD, PUT, TRACE, CONNECT, PATCH"}.
I, [2018-06-27T11:42:48.280931 #7316]  INFO -- : Writing pact with details {:consumer=>{:name=>"hello-client"}, :provider=>{:name=>"hello-service"}, :pactfile_write_mode=>"overwrite"}
I, [2018-06-27T11:42:48.281013 #7316]  INFO -- : Writing pact for hello-service to /Users/cfonville/Dev/angular-pact-example/pacts/hello-client-hello-service.json
I, [2018-06-27T11:42:48.285814 #7316]  INFO -- : Cleared interactions before example ""
I, [2018-06-27T11:42:59.668780 #7316]  INFO -- : Received OPTIONS request for mock service administration endpoint DELETE /interactions. Returning CORS headers: {"Access-Control-Allow-Origin":"http://localhost:9876","Access-Control-Allow-Headers":"content-type,x-pact-mock-service","Access-Control-Allow-Methods":"DELETE, POST, GET, HEAD, PUT, TRACE, CONNECT, PATCH"}.
I, [2018-06-27T11:42:59.672173 #7316]  INFO -- : Cleared interactions before example ""
I, [2018-06-27T11:43:01.673584 #7316]  INFO -- : Registered expected interaction GET /hello-service/api?name=Chris
D, [2018-06-27T11:43:01.673783 #7316] DEBUG -- : {
  "description": "a request for say hello",
  "request": {
    "method": "GET",
    "path": "/hello-service/api",
    "query": "name=Chris"
  },
  "response": {
    "status": 200,
    "headers": {
      "Content-Type": "application/json"
    },
    "body": "Hello Chris!"
  }
}
I, [2018-06-27T11:43:01.693650 #7316]  INFO -- : Received request GET /hello-service/api?name=Chris
D, [2018-06-27T11:43:01.693778 #7316] DEBUG -- : {
  "path": "/hello-service/api",
  "query": "name=Chris",
  "method": "get",
  "headers": {
    "X-Forwarded-Host": "localhost:9876",
    "X-Forwarded-Proto": "http",
    "X-Forwarded-Port": "9876",
    "X-Forwarded-For": "127.0.0.1",
    "Cookie": "io=oIOK9ICoKf51gb06AAAA",
    "Accept-Language": "en-US,en;q=0.9",
    "Accept-Encoding": "gzip, deflate, br",
    "Referer": "http://localhost:9876/context.html",
    "User-Agent": "Mozilla/5.0 (Macintosh; Intel Mac OS X 10_13_3) AppleWebKit/537.36 (KHTML, like Gecko) Chrome/67.0.3396.99 Safari/537.36",
    "Accept": "application/json, text/plain, */*",
    "Connection": "close",
    "Host": "localhost:9876",
    "Version": "HTTP/1.1"
  }
}
I, [2018-06-27T11:43:01.693925 #7316]  INFO -- : Found matching response for GET /hello-service/api?name=Chris
D, [2018-06-27T11:43:01.694006 #7316] DEBUG -- : {
  "status": 200,
  "headers": {
    "Content-Type": "application/json"
  },
  "body": "Hello Chris!"
}
I, [2018-06-27T11:43:01.710507 #7316]  INFO -- : Received OPTIONS request for mock service administration endpoint GET /interactions/verification. Returning CORS headers: {"Access-Control-Allow-Origin":"http://localhost:9876","Access-Control-Allow-Headers":"content-type,x-pact-mock-service","Access-Control-Allow-Methods":"DELETE, POST, GET, HEAD, PUT, TRACE, CONNECT, PATCH"}.
I, [2018-06-27T11:43:01.715022 #7316]  INFO -- : Verifying - interactions matched for example ""
I, [2018-06-27T11:43:01.719829 #7316]  INFO -- : Cleared interactions before example ""
I, [2018-06-27T11:43:01.724002 #7316]  INFO -- : Received OPTIONS request for mock service administration endpoint POST /pact. Returning CORS headers: {"Access-Control-Allow-Origin":"http://localhost:9876","Access-Control-Allow-Headers":"content-type,x-pact-mock-service","Access-Control-Allow-Methods":"DELETE, POST, GET, HEAD, PUT, TRACE, CONNECT, PATCH"}.
I, [2018-06-27T11:43:01.727610 #7316]  INFO -- : Writing pact with details {:consumer=>{:name=>"hello-client"}, :provider=>{:name=>"hello-service"}, :pactfile_write_mode=>"overwrite"}
I, [2018-06-27T11:43:01.727706 #7316]  INFO -- : Writing pact for hello-service to /Users/cfonville/Dev/angular-pact-example/pacts/hello-client-hello-service.json
I, [2018-06-27T11:43:01.731779 #7316]  INFO -- : Cleared interactions before example ""
I, [2018-06-27T11:43:55.102717 #7316]  INFO -- : Received OPTIONS request for mock service administration endpoint DELETE /interactions. Returning CORS headers: {"Access-Control-Allow-Origin":"http://localhost:9876","Access-Control-Allow-Headers":"content-type,x-pact-mock-service","Access-Control-Allow-Methods":"DELETE, POST, GET, HEAD, PUT, TRACE, CONNECT, PATCH"}.
I, [2018-06-27T11:43:55.106236 #7316]  INFO -- : Cleared interactions before example ""
I, [2018-06-27T11:43:57.106762 #7316]  INFO -- : Registered expected interaction GET /hello-service/api?name=Chris
D, [2018-06-27T11:43:57.106904 #7316] DEBUG -- : {
  "description": "a request for say hello",
  "request": {
    "method": "GET",
    "path": "/hello-service/api",
    "query": "name=Chris"
  },
  "response": {
    "status": 200,
    "headers": {
      "Content-Type": "application/json"
    },
    "body": "Hello Chris!"
  }
}
I, [2018-06-27T11:43:57.124027 #7316]  INFO -- : Received request GET /hello-service/api?name=Chris
D, [2018-06-27T11:43:57.124129 #7316] DEBUG -- : {
  "path": "/hello-service/api",
  "query": "name=Chris",
  "method": "get",
  "headers": {
    "X-Forwarded-Host": "localhost:9876",
    "X-Forwarded-Proto": "http",
    "X-Forwarded-Port": "9876",
    "X-Forwarded-For": "127.0.0.1",
    "Cookie": "io=oIOK9ICoKf51gb06AAAA",
    "Accept-Language": "en-US,en;q=0.9",
    "Accept-Encoding": "gzip, deflate, br",
    "Referer": "http://localhost:9876/context.html",
    "User-Agent": "Mozilla/5.0 (Macintosh; Intel Mac OS X 10_13_3) AppleWebKit/537.36 (KHTML, like Gecko) Chrome/67.0.3396.99 Safari/537.36",
    "Accept": "application/json, text/plain, */*",
    "Connection": "close",
    "Host": "localhost:9876",
    "Version": "HTTP/1.1"
  }
}
I, [2018-06-27T11:43:57.124304 #7316]  INFO -- : Found matching response for GET /hello-service/api?name=Chris
D, [2018-06-27T11:43:57.124361 #7316] DEBUG -- : {
  "status": 200,
  "headers": {
    "Content-Type": "application/json"
  },
  "body": "Hello Chris!"
}
I, [2018-06-27T11:43:57.138800 #7316]  INFO -- : Received OPTIONS request for mock service administration endpoint GET /interactions/verification. Returning CORS headers: {"Access-Control-Allow-Origin":"http://localhost:9876","Access-Control-Allow-Headers":"content-type,x-pact-mock-service","Access-Control-Allow-Methods":"DELETE, POST, GET, HEAD, PUT, TRACE, CONNECT, PATCH"}.
I, [2018-06-27T11:43:57.143046 #7316]  INFO -- : Verifying - interactions matched for example ""
I, [2018-06-27T11:43:57.148188 #7316]  INFO -- : Cleared interactions before example ""
I, [2018-06-27T11:43:57.153016 #7316]  INFO -- : Received OPTIONS request for mock service administration endpoint POST /pact. Returning CORS headers: {"Access-Control-Allow-Origin":"http://localhost:9876","Access-Control-Allow-Headers":"content-type,x-pact-mock-service","Access-Control-Allow-Methods":"DELETE, POST, GET, HEAD, PUT, TRACE, CONNECT, PATCH"}.
I, [2018-06-27T11:43:57.157254 #7316]  INFO -- : Writing pact with details {:consumer=>{:name=>"hello-client"}, :provider=>{:name=>"hello-service"}, :pactfile_write_mode=>"overwrite"}
I, [2018-06-27T11:43:57.157339 #7316]  INFO -- : Writing pact for hello-service to /Users/cfonville/Dev/angular-pact-example/pacts/hello-client-hello-service.json
I, [2018-06-27T11:43:57.162120 #7316]  INFO -- : Cleared interactions before example ""
I, [2018-06-27T11:48:19.160595 #7316]  INFO -- : Received OPTIONS request for mock service administration endpoint DELETE /interactions. Returning CORS headers: {"Access-Control-Allow-Origin":"http://localhost:9876","Access-Control-Allow-Headers":"content-type,x-pact-mock-service","Access-Control-Allow-Methods":"DELETE, POST, GET, HEAD, PUT, TRACE, CONNECT, PATCH"}.
I, [2018-06-27T11:48:19.180703 #7316]  INFO -- : Cleared interactions before example ""
I, [2018-06-27T11:48:21.164602 #7316]  INFO -- : Registered expected interaction GET /hello-service/api?name=Chris
D, [2018-06-27T11:48:21.164749 #7316] DEBUG -- : {
  "description": "a request for say hello",
  "request": {
    "method": "GET",
    "path": "/hello-service/api",
    "query": "name=Chris"
  },
  "response": {
    "status": 200,
    "headers": {
      "Content-Type": "application/json"
    },
    "body": "Hello Chris!"
  }
}
I, [2018-06-27T11:48:21.181672 #7316]  INFO -- : Received request GET /hello-service/api?name=Chris
D, [2018-06-27T11:48:21.181831 #7316] DEBUG -- : {
  "path": "/hello-service/api",
  "query": "name=Chris",
  "method": "get",
  "headers": {
    "X-Forwarded-Host": "localhost:9876",
    "X-Forwarded-Proto": "http",
    "X-Forwarded-Port": "9876",
    "X-Forwarded-For": "127.0.0.1",
    "Cookie": "io=oIOK9ICoKf51gb06AAAA",
    "Accept-Language": "en-US,en;q=0.9",
    "Accept-Encoding": "gzip, deflate, br",
    "Referer": "http://localhost:9876/context.html",
    "User-Agent": "Mozilla/5.0 (Macintosh; Intel Mac OS X 10_13_3) AppleWebKit/537.36 (KHTML, like Gecko) Chrome/67.0.3396.99 Safari/537.36",
    "Accept": "application/json, text/plain, */*",
    "Connection": "close",
    "Host": "localhost:9876",
    "Version": "HTTP/1.1"
  }
}
I, [2018-06-27T11:48:21.181956 #7316]  INFO -- : Found matching response for GET /hello-service/api?name=Chris
D, [2018-06-27T11:48:21.182019 #7316] DEBUG -- : {
  "status": 200,
  "headers": {
    "Content-Type": "application/json"
  },
  "body": "Hello Chris!"
}
I, [2018-06-27T11:48:21.196585 #7316]  INFO -- : Received OPTIONS request for mock service administration endpoint GET /interactions/verification. Returning CORS headers: {"Access-Control-Allow-Origin":"http://localhost:9876","Access-Control-Allow-Headers":"content-type,x-pact-mock-service","Access-Control-Allow-Methods":"DELETE, POST, GET, HEAD, PUT, TRACE, CONNECT, PATCH"}.
I, [2018-06-27T11:48:21.201014 #7316]  INFO -- : Verifying - interactions matched for example ""
I, [2018-06-27T11:48:21.205432 #7316]  INFO -- : Cleared interactions before example ""
I, [2018-06-27T11:48:21.210293 #7316]  INFO -- : Received OPTIONS request for mock service administration endpoint POST /pact. Returning CORS headers: {"Access-Control-Allow-Origin":"http://localhost:9876","Access-Control-Allow-Headers":"content-type,x-pact-mock-service","Access-Control-Allow-Methods":"DELETE, POST, GET, HEAD, PUT, TRACE, CONNECT, PATCH"}.
I, [2018-06-27T11:48:21.214139 #7316]  INFO -- : Writing pact with details {:consumer=>{:name=>"hello-client"}, :provider=>{:name=>"hello-service"}, :pactfile_write_mode=>"overwrite"}
I, [2018-06-27T11:48:21.214242 #7316]  INFO -- : Writing pact for hello-service to /Users/cfonville/Dev/angular-pact-example/pacts/hello-client-hello-service.json
I, [2018-06-27T11:48:21.219856 #7316]  INFO -- : Cleared interactions before example ""
I, [2018-06-27T11:48:23.768120 #7316]  INFO -- : Cleared interactions before example ""
I, [2018-06-27T11:48:25.772812 #7316]  INFO -- : Received OPTIONS request for mock service administration endpoint POST /interactions. Returning CORS headers: {"Access-Control-Allow-Origin":"http://localhost:9876","Access-Control-Allow-Headers":"content-type,x-pact-mock-service","Access-Control-Allow-Methods":"DELETE, POST, GET, HEAD, PUT, TRACE, CONNECT, PATCH"}.
I, [2018-06-27T11:48:25.776739 #7316]  INFO -- : Registered expected interaction GET /hello-service/api?name=Chris
D, [2018-06-27T11:48:25.776887 #7316] DEBUG -- : {
  "description": "a request for say hello",
  "request": {
    "method": "GET",
    "path": "/hello-service/api",
    "query": "name=Chris"
  },
  "response": {
    "status": 200,
    "headers": {
      "Content-Type": "application/json"
    },
    "body": "Hello Chris!"
  }
}
I, [2018-06-27T11:48:25.796469 #7316]  INFO -- : Received request GET /hello-service/api?name=Chris
D, [2018-06-27T11:48:25.796670 #7316] DEBUG -- : {
  "path": "/hello-service/api",
  "query": "name=Chris",
  "method": "get",
  "headers": {
    "X-Forwarded-Host": "localhost:9876",
    "X-Forwarded-Proto": "http",
    "X-Forwarded-Port": "9876",
    "X-Forwarded-For": "127.0.0.1",
    "Cookie": "io=oIOK9ICoKf51gb06AAAA",
    "Accept-Language": "en-US,en;q=0.9",
    "Accept-Encoding": "gzip, deflate, br",
    "Referer": "http://localhost:9876/context.html",
    "User-Agent": "Mozilla/5.0 (Macintosh; Intel Mac OS X 10_13_3) AppleWebKit/537.36 (KHTML, like Gecko) Chrome/67.0.3396.99 Safari/537.36",
    "Accept": "application/json, text/plain, */*",
    "Connection": "close",
    "Host": "localhost:9876",
    "Version": "HTTP/1.1"
  }
}
I, [2018-06-27T11:48:25.796869 #7316]  INFO -- : Found matching response for GET /hello-service/api?name=Chris
D, [2018-06-27T11:48:25.797023 #7316] DEBUG -- : {
  "status": 200,
  "headers": {
    "Content-Type": "application/json"
  },
  "body": "Hello Chris!"
}
I, [2018-06-27T11:48:25.813738 #7316]  INFO -- : Verifying - interactions matched for example ""
I, [2018-06-27T11:48:25.818246 #7316]  INFO -- : Cleared interactions before example ""
I, [2018-06-27T11:48:25.823166 #7316]  INFO -- : Writing pact with details {:consumer=>{:name=>"hello-client"}, :provider=>{:name=>"hello-service"}, :pactfile_write_mode=>"overwrite"}
I, [2018-06-27T11:48:25.823260 #7316]  INFO -- : Writing pact for hello-service to /Users/cfonville/Dev/angular-pact-example/pacts/hello-client-hello-service.json
I, [2018-06-27T11:48:25.828324 #7316]  INFO -- : Cleared interactions before example ""
I, [2018-06-27T11:51:39.998416 #7316]  INFO -- : Received OPTIONS request for mock service administration endpoint DELETE /interactions. Returning CORS headers: {"Access-Control-Allow-Origin":"http://localhost:9876","Access-Control-Allow-Headers":"content-type,x-pact-mock-service","Access-Control-Allow-Methods":"DELETE, POST, GET, HEAD, PUT, TRACE, CONNECT, PATCH"}.
I, [2018-06-27T11:51:40.002811 #7316]  INFO -- : Cleared interactions before example ""
I, [2018-06-27T11:51:42.000540 #7316]  INFO -- : Registered expected interaction GET /hello-service/api?name=Chris
D, [2018-06-27T11:51:42.000753 #7316] DEBUG -- : {
  "description": "a request for say hello",
  "request": {
    "method": "GET",
    "path": "/hello-service/api",
    "query": "name=Chris"
  },
  "response": {
    "status": 200,
    "headers": {
      "Content-Type": "application/json"
    },
    "body": "Hello Chris!"
  }
}
I, [2018-06-27T11:51:42.018430 #7316]  INFO -- : Received request GET /hello-service/api?name=Chris
D, [2018-06-27T11:51:42.018557 #7316] DEBUG -- : {
  "path": "/hello-service/api",
  "query": "name=Chris",
  "method": "get",
  "headers": {
    "X-Forwarded-Host": "localhost:9876",
    "X-Forwarded-Proto": "http",
    "X-Forwarded-Port": "9876",
    "X-Forwarded-For": "127.0.0.1",
    "Cookie": "io=oIOK9ICoKf51gb06AAAA",
    "Accept-Language": "en-US,en;q=0.9",
    "Accept-Encoding": "gzip, deflate, br",
    "Referer": "http://localhost:9876/context.html",
    "User-Agent": "Mozilla/5.0 (Macintosh; Intel Mac OS X 10_13_3) AppleWebKit/537.36 (KHTML, like Gecko) Chrome/67.0.3396.99 Safari/537.36",
    "Accept": "application/json, text/plain, */*",
    "Connection": "close",
    "Host": "localhost:9876",
    "Version": "HTTP/1.1"
  }
}
I, [2018-06-27T11:51:42.019377 #7316]  INFO -- : Found matching response for GET /hello-service/api?name=Chris
D, [2018-06-27T11:51:42.019473 #7316] DEBUG -- : {
  "status": 200,
  "headers": {
    "Content-Type": "application/json"
  },
  "body": "Hello Chris!"
}
I, [2018-06-27T11:51:42.035751 #7316]  INFO -- : Received OPTIONS request for mock service administration endpoint GET /interactions/verification. Returning CORS headers: {"Access-Control-Allow-Origin":"http://localhost:9876","Access-Control-Allow-Headers":"content-type,x-pact-mock-service","Access-Control-Allow-Methods":"DELETE, POST, GET, HEAD, PUT, TRACE, CONNECT, PATCH"}.
I, [2018-06-27T11:51:42.042094 #7316]  INFO -- : Verifying - interactions matched for example ""
I, [2018-06-27T11:51:42.046746 #7316]  INFO -- : Cleared interactions before example ""
I, [2018-06-27T11:51:42.051585 #7316]  INFO -- : Received OPTIONS request for mock service administration endpoint POST /pact. Returning CORS headers: {"Access-Control-Allow-Origin":"http://localhost:9876","Access-Control-Allow-Headers":"content-type,x-pact-mock-service","Access-Control-Allow-Methods":"DELETE, POST, GET, HEAD, PUT, TRACE, CONNECT, PATCH"}.
I, [2018-06-27T11:51:42.055481 #7316]  INFO -- : Writing pact with details {:consumer=>{:name=>"hello-client"}, :provider=>{:name=>"hello-service"}, :pactfile_write_mode=>"overwrite"}
I, [2018-06-27T11:51:42.055602 #7316]  INFO -- : Writing pact for hello-service to /Users/cfonville/Dev/angular-pact-example/pacts/hello-client-hello-service.json
I, [2018-06-27T11:51:42.061095 #7316]  INFO -- : Cleared interactions before example ""
I, [2018-06-27T11:52:49.513291 #7316]  INFO -- : Received OPTIONS request for mock service administration endpoint DELETE /interactions. Returning CORS headers: {"Access-Control-Allow-Origin":"http://localhost:9876","Access-Control-Allow-Headers":"content-type,x-pact-mock-service","Access-Control-Allow-Methods":"DELETE, POST, GET, HEAD, PUT, TRACE, CONNECT, PATCH"}.
I, [2018-06-27T11:52:49.517821 #7316]  INFO -- : Cleared interactions before example ""
I, [2018-06-27T11:52:51.516029 #7316]  INFO -- : Registered expected interaction GET /hello-service/api?name=Chris
D, [2018-06-27T11:52:51.516175 #7316] DEBUG -- : {
  "description": "a request for say hello",
  "request": {
    "method": "GET",
    "path": "/hello-service/api",
    "query": "name=Chris"
  },
  "response": {
    "status": 200,
    "headers": {
      "Content-Type": "application/json"
    },
    "body": "Hello Chris!"
  }
}
I, [2018-06-27T11:52:51.535198 #7316]  INFO -- : Received request GET /hello-service/api?name=Chris
D, [2018-06-27T11:52:51.535347 #7316] DEBUG -- : {
  "path": "/hello-service/api",
  "query": "name=Chris",
  "method": "get",
  "headers": {
    "X-Forwarded-Host": "localhost:9876",
    "X-Forwarded-Proto": "http",
    "X-Forwarded-Port": "9876",
    "X-Forwarded-For": "127.0.0.1",
    "Cookie": "io=oIOK9ICoKf51gb06AAAA",
    "Accept-Language": "en-US,en;q=0.9",
    "Accept-Encoding": "gzip, deflate, br",
    "Referer": "http://localhost:9876/context.html",
    "User-Agent": "Mozilla/5.0 (Macintosh; Intel Mac OS X 10_13_3) AppleWebKit/537.36 (KHTML, like Gecko) Chrome/67.0.3396.99 Safari/537.36",
    "Accept": "application/json, text/plain, */*",
    "Connection": "close",
    "Host": "localhost:9876",
    "Version": "HTTP/1.1"
  }
}
I, [2018-06-27T11:52:51.535496 #7316]  INFO -- : Found matching response for GET /hello-service/api?name=Chris
D, [2018-06-27T11:52:51.535552 #7316] DEBUG -- : {
  "status": 200,
  "headers": {
    "Content-Type": "application/json"
  },
  "body": "Hello Chris!"
}
I, [2018-06-27T11:52:51.551239 #7316]  INFO -- : Received OPTIONS request for mock service administration endpoint GET /interactions/verification. Returning CORS headers: {"Access-Control-Allow-Origin":"http://localhost:9876","Access-Control-Allow-Headers":"content-type,x-pact-mock-service","Access-Control-Allow-Methods":"DELETE, POST, GET, HEAD, PUT, TRACE, CONNECT, PATCH"}.
I, [2018-06-27T11:52:51.555130 #7316]  INFO -- : Verifying - interactions matched for example ""
I, [2018-06-27T11:52:51.559781 #7316]  INFO -- : Cleared interactions before example ""
I, [2018-06-27T11:52:51.564194 #7316]  INFO -- : Received OPTIONS request for mock service administration endpoint POST /pact. Returning CORS headers: {"Access-Control-Allow-Origin":"http://localhost:9876","Access-Control-Allow-Headers":"content-type,x-pact-mock-service","Access-Control-Allow-Methods":"DELETE, POST, GET, HEAD, PUT, TRACE, CONNECT, PATCH"}.
I, [2018-06-27T11:52:51.568161 #7316]  INFO -- : Writing pact with details {:consumer=>{:name=>"hello-client"}, :provider=>{:name=>"hello-service"}, :pactfile_write_mode=>"overwrite"}
I, [2018-06-27T11:52:51.568236 #7316]  INFO -- : Writing pact for hello-service to /Users/cfonville/Dev/angular-pact-example/pacts/hello-client-hello-service.json
I, [2018-06-27T11:52:51.572705 #7316]  INFO -- : Cleared interactions before example ""
I, [2018-06-27T11:53:15.122358 #7316]  INFO -- : Received OPTIONS request for mock service administration endpoint DELETE /interactions. Returning CORS headers: {"Access-Control-Allow-Origin":"http://localhost:9876","Access-Control-Allow-Headers":"content-type,x-pact-mock-service","Access-Control-Allow-Methods":"DELETE, POST, GET, HEAD, PUT, TRACE, CONNECT, PATCH"}.
I, [2018-06-27T11:53:15.127336 #7316]  INFO -- : Cleared interactions before example ""
I, [2018-06-27T11:53:17.127996 #7316]  INFO -- : Registered expected interaction GET /hello-service/api?name=Chris
D, [2018-06-27T11:53:17.128126 #7316] DEBUG -- : {
  "description": "a request for say hello",
  "request": {
    "method": "GET",
    "path": "/hello-service/api",
    "query": "name=Chris"
  },
  "response": {
    "status": 200,
    "headers": {
      "Content-Type": "application/json"
    },
    "body": "Hello Chris!"
  }
}
I, [2018-06-27T11:53:17.146904 #7316]  INFO -- : Received request GET /hello-service/api?name=Chris
D, [2018-06-27T11:53:17.147041 #7316] DEBUG -- : {
  "path": "/hello-service/api",
  "query": "name=Chris",
  "method": "get",
  "headers": {
    "X-Forwarded-Host": "localhost:9876",
    "X-Forwarded-Proto": "http",
    "X-Forwarded-Port": "9876",
    "X-Forwarded-For": "127.0.0.1",
    "Cookie": "io=oIOK9ICoKf51gb06AAAA",
    "Accept-Language": "en-US,en;q=0.9",
    "Accept-Encoding": "gzip, deflate, br",
    "Referer": "http://localhost:9876/context.html",
    "User-Agent": "Mozilla/5.0 (Macintosh; Intel Mac OS X 10_13_3) AppleWebKit/537.36 (KHTML, like Gecko) Chrome/67.0.3396.99 Safari/537.36",
    "Accept": "application/json, text/plain, */*",
    "Connection": "close",
    "Host": "localhost:9876",
    "Version": "HTTP/1.1"
  }
}
I, [2018-06-27T11:53:17.147182 #7316]  INFO -- : Found matching response for GET /hello-service/api?name=Chris
D, [2018-06-27T11:53:17.147278 #7316] DEBUG -- : {
  "status": 200,
  "headers": {
    "Content-Type": "application/json"
  },
  "body": "Hello Chris!"
}
I, [2018-06-27T11:53:17.161748 #7316]  INFO -- : Received OPTIONS request for mock service administration endpoint GET /interactions/verification. Returning CORS headers: {"Access-Control-Allow-Origin":"http://localhost:9876","Access-Control-Allow-Headers":"content-type,x-pact-mock-service","Access-Control-Allow-Methods":"DELETE, POST, GET, HEAD, PUT, TRACE, CONNECT, PATCH"}.
I, [2018-06-27T11:53:17.166427 #7316]  INFO -- : Verifying - interactions matched for example ""
I, [2018-06-27T11:53:17.171702 #7316]  INFO -- : Cleared interactions before example ""
I, [2018-06-27T11:53:17.176524 #7316]  INFO -- : Received OPTIONS request for mock service administration endpoint POST /pact. Returning CORS headers: {"Access-Control-Allow-Origin":"http://localhost:9876","Access-Control-Allow-Headers":"content-type,x-pact-mock-service","Access-Control-Allow-Methods":"DELETE, POST, GET, HEAD, PUT, TRACE, CONNECT, PATCH"}.
I, [2018-06-27T11:53:17.180494 #7316]  INFO -- : Writing pact with details {:consumer=>{:name=>"hello-client"}, :provider=>{:name=>"hello-service"}, :pactfile_write_mode=>"overwrite"}
I, [2018-06-27T11:53:17.180607 #7316]  INFO -- : Writing pact for hello-service to /Users/cfonville/Dev/angular-pact-example/pacts/hello-client-hello-service.json
I, [2018-06-27T11:53:17.186047 #7316]  INFO -- : Cleared interactions before example ""
I, [2018-06-27T11:59:38.205278 #7316]  INFO -- : Received OPTIONS request for mock service administration endpoint DELETE /interactions. Returning CORS headers: {"Access-Control-Allow-Origin":"http://localhost:9876","Access-Control-Allow-Headers":"content-type,x-pact-mock-service","Access-Control-Allow-Methods":"DELETE, POST, GET, HEAD, PUT, TRACE, CONNECT, PATCH"}.
I, [2018-06-27T11:59:38.211303 #7316]  INFO -- : Cleared interactions before example ""
I, [2018-06-27T11:59:40.209021 #7316]  INFO -- : Registered expected interaction GET /hello-service/api?name=Chris
D, [2018-06-27T11:59:40.209208 #7316] DEBUG -- : {
  "description": "a request for say hello",
  "request": {
    "method": "GET",
    "path": "/hello-service/api",
    "query": "name=Chris"
  },
  "response": {
    "status": 200,
    "headers": {
      "Content-Type": "application/json"
    },
    "body": "Hello Chris!"
  }
}
I, [2018-06-27T11:59:40.228868 #7316]  INFO -- : Received request GET /hello-service/api?name=Chris
D, [2018-06-27T11:59:40.229021 #7316] DEBUG -- : {
  "path": "/hello-service/api",
  "query": "name=Chris",
  "method": "get",
  "headers": {
    "X-Forwarded-Host": "localhost:9876",
    "X-Forwarded-Proto": "http",
    "X-Forwarded-Port": "9876",
    "X-Forwarded-For": "127.0.0.1",
    "Cookie": "io=oIOK9ICoKf51gb06AAAA",
    "Accept-Language": "en-US,en;q=0.9",
    "Accept-Encoding": "gzip, deflate, br",
    "Referer": "http://localhost:9876/context.html",
    "User-Agent": "Mozilla/5.0 (Macintosh; Intel Mac OS X 10_13_3) AppleWebKit/537.36 (KHTML, like Gecko) Chrome/67.0.3396.99 Safari/537.36",
    "Accept": "application/json, text/plain, */*",
    "Connection": "close",
    "Host": "localhost:9876",
    "Version": "HTTP/1.1"
  }
}
I, [2018-06-27T11:59:40.229157 #7316]  INFO -- : Found matching response for GET /hello-service/api?name=Chris
D, [2018-06-27T11:59:40.229250 #7316] DEBUG -- : {
  "status": 200,
  "headers": {
    "Content-Type": "application/json"
  },
  "body": "Hello Chris!"
}
I, [2018-06-27T11:59:40.248264 #7316]  INFO -- : Received OPTIONS request for mock service administration endpoint GET /interactions/verification. Returning CORS headers: {"Access-Control-Allow-Origin":"http://localhost:9876","Access-Control-Allow-Headers":"content-type,x-pact-mock-service","Access-Control-Allow-Methods":"DELETE, POST, GET, HEAD, PUT, TRACE, CONNECT, PATCH"}.
I, [2018-06-27T11:59:40.252624 #7316]  INFO -- : Verifying - interactions matched for example ""
I, [2018-06-27T11:59:40.256876 #7316]  INFO -- : Cleared interactions before example ""
I, [2018-06-27T11:59:40.261510 #7316]  INFO -- : Received OPTIONS request for mock service administration endpoint POST /pact. Returning CORS headers: {"Access-Control-Allow-Origin":"http://localhost:9876","Access-Control-Allow-Headers":"content-type,x-pact-mock-service","Access-Control-Allow-Methods":"DELETE, POST, GET, HEAD, PUT, TRACE, CONNECT, PATCH"}.
I, [2018-06-27T11:59:40.265342 #7316]  INFO -- : Writing pact with details {:consumer=>{:name=>"hello-client"}, :provider=>{:name=>"hello-service"}, :pactfile_write_mode=>"overwrite"}
I, [2018-06-27T11:59:40.265415 #7316]  INFO -- : Writing pact for hello-service to /Users/cfonville/Dev/angular-pact-example/pacts/hello-client-hello-service.json
I, [2018-06-27T11:59:40.270393 #7316]  INFO -- : Cleared interactions before example ""
I, [2018-06-27T12:00:09.729268 #7316]  INFO -- : Received OPTIONS request for mock service administration endpoint DELETE /interactions. Returning CORS headers: {"Access-Control-Allow-Origin":"http://localhost:9876","Access-Control-Allow-Headers":"content-type,x-pact-mock-service","Access-Control-Allow-Methods":"DELETE, POST, GET, HEAD, PUT, TRACE, CONNECT, PATCH"}.
I, [2018-06-27T12:00:09.733456 #7316]  INFO -- : Cleared interactions before example ""
I, [2018-06-27T12:00:11.731381 #7316]  INFO -- : Registered expected interaction GET /hello-service/api?name=Chris
D, [2018-06-27T12:00:11.731528 #7316] DEBUG -- : {
  "description": "a request for say hello",
  "request": {
    "method": "GET",
    "path": "/hello-service/api",
    "query": "name=Chris"
  },
  "response": {
    "status": 200,
    "headers": {
      "Content-Type": "application/json"
    },
    "body": "Hello Chris!"
  }
}
I, [2018-06-27T12:00:11.750350 #7316]  INFO -- : Received request GET /hello-service/api?name=Chris
D, [2018-06-27T12:00:11.750484 #7316] DEBUG -- : {
  "path": "/hello-service/api",
  "query": "name=Chris",
  "method": "get",
  "headers": {
    "X-Forwarded-Host": "localhost:9876",
    "X-Forwarded-Proto": "http",
    "X-Forwarded-Port": "9876",
    "X-Forwarded-For": "127.0.0.1",
    "Cookie": "io=oIOK9ICoKf51gb06AAAA",
    "Accept-Language": "en-US,en;q=0.9",
    "Accept-Encoding": "gzip, deflate, br",
    "Referer": "http://localhost:9876/context.html",
    "User-Agent": "Mozilla/5.0 (Macintosh; Intel Mac OS X 10_13_3) AppleWebKit/537.36 (KHTML, like Gecko) Chrome/67.0.3396.99 Safari/537.36",
    "Accept": "application/json, text/plain, */*",
    "Connection": "close",
    "Host": "localhost:9876",
    "Version": "HTTP/1.1"
  }
}
I, [2018-06-27T12:00:11.750623 #7316]  INFO -- : Found matching response for GET /hello-service/api?name=Chris
D, [2018-06-27T12:00:11.750682 #7316] DEBUG -- : {
  "status": 200,
  "headers": {
    "Content-Type": "application/json"
  },
  "body": "Hello Chris!"
}
I, [2018-06-27T12:00:11.763934 #7316]  INFO -- : Received OPTIONS request for mock service administration endpoint GET /interactions/verification. Returning CORS headers: {"Access-Control-Allow-Origin":"http://localhost:9876","Access-Control-Allow-Headers":"content-type,x-pact-mock-service","Access-Control-Allow-Methods":"DELETE, POST, GET, HEAD, PUT, TRACE, CONNECT, PATCH"}.
I, [2018-06-27T12:00:11.769129 #7316]  INFO -- : Verifying - interactions matched for example ""
I, [2018-06-27T12:00:11.774511 #7316]  INFO -- : Cleared interactions before example ""
I, [2018-06-27T12:00:11.779142 #7316]  INFO -- : Received OPTIONS request for mock service administration endpoint POST /pact. Returning CORS headers: {"Access-Control-Allow-Origin":"http://localhost:9876","Access-Control-Allow-Headers":"content-type,x-pact-mock-service","Access-Control-Allow-Methods":"DELETE, POST, GET, HEAD, PUT, TRACE, CONNECT, PATCH"}.
I, [2018-06-27T12:00:11.783305 #7316]  INFO -- : Writing pact with details {:consumer=>{:name=>"hello-client"}, :provider=>{:name=>"hello-service"}, :pactfile_write_mode=>"overwrite"}
I, [2018-06-27T12:00:11.783396 #7316]  INFO -- : Writing pact for hello-service to /Users/cfonville/Dev/angular-pact-example/pacts/hello-client-hello-service.json
I, [2018-06-27T12:00:11.789090 #7316]  INFO -- : Cleared interactions before example ""
I, [2018-06-27T12:00:34.854728 #7316]  INFO -- : Received OPTIONS request for mock service administration endpoint DELETE /interactions. Returning CORS headers: {"Access-Control-Allow-Origin":"http://localhost:9876","Access-Control-Allow-Headers":"content-type,x-pact-mock-service","Access-Control-Allow-Methods":"DELETE, POST, GET, HEAD, PUT, TRACE, CONNECT, PATCH"}.
I, [2018-06-27T12:00:34.859167 #7316]  INFO -- : Cleared interactions before example ""
I, [2018-06-27T12:00:36.860222 #7316]  INFO -- : Registered expected interaction GET /hello-service/api?name=Chris
D, [2018-06-27T12:00:36.860405 #7316] DEBUG -- : {
  "description": "a request for say hello",
  "request": {
    "method": "GET",
    "path": "/hello-service/api",
    "query": "name=Chris"
  },
  "response": {
    "status": 200,
    "headers": {
      "Content-Type": "application/json"
    },
    "body": "Hello Chris!"
  }
}
I, [2018-06-27T12:00:36.878803 #7316]  INFO -- : Received request GET /hello-service/api?name=Chris
D, [2018-06-27T12:00:36.878955 #7316] DEBUG -- : {
  "path": "/hello-service/api",
  "query": "name=Chris",
  "method": "get",
  "headers": {
    "X-Forwarded-Host": "localhost:9876",
    "X-Forwarded-Proto": "http",
    "X-Forwarded-Port": "9876",
    "X-Forwarded-For": "127.0.0.1",
    "Cookie": "io=oIOK9ICoKf51gb06AAAA",
    "Accept-Language": "en-US,en;q=0.9",
    "Accept-Encoding": "gzip, deflate, br",
    "Referer": "http://localhost:9876/context.html",
    "User-Agent": "Mozilla/5.0 (Macintosh; Intel Mac OS X 10_13_3) AppleWebKit/537.36 (KHTML, like Gecko) Chrome/67.0.3396.99 Safari/537.36",
    "Accept": "application/json, text/plain, */*",
    "Connection": "close",
    "Host": "localhost:9876",
    "Version": "HTTP/1.1"
  }
}
I, [2018-06-27T12:00:36.879072 #7316]  INFO -- : Found matching response for GET /hello-service/api?name=Chris
D, [2018-06-27T12:00:36.879128 #7316] DEBUG -- : {
  "status": 200,
  "headers": {
    "Content-Type": "application/json"
  },
  "body": "Hello Chris!"
}
I, [2018-06-27T12:00:36.892804 #7316]  INFO -- : Received OPTIONS request for mock service administration endpoint GET /interactions/verification. Returning CORS headers: {"Access-Control-Allow-Origin":"http://localhost:9876","Access-Control-Allow-Headers":"content-type,x-pact-mock-service","Access-Control-Allow-Methods":"DELETE, POST, GET, HEAD, PUT, TRACE, CONNECT, PATCH"}.
I, [2018-06-27T12:00:36.898645 #7316]  INFO -- : Verifying - interactions matched for example ""
I, [2018-06-27T12:00:36.904361 #7316]  INFO -- : Cleared interactions before example ""
I, [2018-06-27T12:00:36.908747 #7316]  INFO -- : Received OPTIONS request for mock service administration endpoint POST /pact. Returning CORS headers: {"Access-Control-Allow-Origin":"http://localhost:9876","Access-Control-Allow-Headers":"content-type,x-pact-mock-service","Access-Control-Allow-Methods":"DELETE, POST, GET, HEAD, PUT, TRACE, CONNECT, PATCH"}.
I, [2018-06-27T12:00:36.912631 #7316]  INFO -- : Writing pact with details {:consumer=>{:name=>"hello-client"}, :provider=>{:name=>"hello-service"}, :pactfile_write_mode=>"overwrite"}
I, [2018-06-27T12:00:36.912718 #7316]  INFO -- : Writing pact for hello-service to /Users/cfonville/Dev/angular-pact-example/pacts/hello-client-hello-service.json
I, [2018-06-27T12:00:36.917745 #7316]  INFO -- : Cleared interactions before example ""
I, [2018-06-27T12:01:10.105217 #7316]  INFO -- : Received OPTIONS request for mock service administration endpoint DELETE /interactions. Returning CORS headers: {"Access-Control-Allow-Origin":"http://localhost:9876","Access-Control-Allow-Headers":"content-type,x-pact-mock-service","Access-Control-Allow-Methods":"DELETE, POST, GET, HEAD, PUT, TRACE, CONNECT, PATCH"}.
I, [2018-06-27T12:01:10.109161 #7316]  INFO -- : Cleared interactions before example ""
I, [2018-06-27T12:01:12.109154 #7316]  INFO -- : Registered expected interaction GET /hello-service/api?name=Chris
D, [2018-06-27T12:01:12.109356 #7316] DEBUG -- : {
  "description": "a request for say hello",
  "request": {
    "method": "GET",
    "path": "/hello-service/api",
    "query": "name=Chris"
  },
  "response": {
    "status": 200,
    "headers": {
      "Content-Type": "application/json"
    },
    "body": "Hello Chris!"
  }
}
I, [2018-06-27T12:01:12.129166 #7316]  INFO -- : Received request GET /hello-service/api?name=Chris
D, [2018-06-27T12:01:12.129307 #7316] DEBUG -- : {
  "path": "/hello-service/api",
  "query": "name=Chris",
  "method": "get",
  "headers": {
    "X-Forwarded-Host": "localhost:9876",
    "X-Forwarded-Proto": "http",
    "X-Forwarded-Port": "9876",
    "X-Forwarded-For": "127.0.0.1",
    "Cookie": "io=oIOK9ICoKf51gb06AAAA",
    "Accept-Language": "en-US,en;q=0.9",
    "Accept-Encoding": "gzip, deflate, br",
    "Referer": "http://localhost:9876/context.html",
    "User-Agent": "Mozilla/5.0 (Macintosh; Intel Mac OS X 10_13_3) AppleWebKit/537.36 (KHTML, like Gecko) Chrome/67.0.3396.99 Safari/537.36",
    "Accept": "application/json, text/plain, */*",
    "Connection": "close",
    "Host": "localhost:9876",
    "Version": "HTTP/1.1"
  }
}
I, [2018-06-27T12:01:12.129430 #7316]  INFO -- : Found matching response for GET /hello-service/api?name=Chris
D, [2018-06-27T12:01:12.129488 #7316] DEBUG -- : {
  "status": 200,
  "headers": {
    "Content-Type": "application/json"
  },
  "body": "Hello Chris!"
}
I, [2018-06-27T12:01:12.144166 #7316]  INFO -- : Received OPTIONS request for mock service administration endpoint GET /interactions/verification. Returning CORS headers: {"Access-Control-Allow-Origin":"http://localhost:9876","Access-Control-Allow-Headers":"content-type,x-pact-mock-service","Access-Control-Allow-Methods":"DELETE, POST, GET, HEAD, PUT, TRACE, CONNECT, PATCH"}.
I, [2018-06-27T12:01:12.148626 #7316]  INFO -- : Verifying - interactions matched for example ""
I, [2018-06-27T12:01:12.152754 #7316]  INFO -- : Cleared interactions before example ""
I, [2018-06-27T12:01:12.156867 #7316]  INFO -- : Received OPTIONS request for mock service administration endpoint POST /pact. Returning CORS headers: {"Access-Control-Allow-Origin":"http://localhost:9876","Access-Control-Allow-Headers":"content-type,x-pact-mock-service","Access-Control-Allow-Methods":"DELETE, POST, GET, HEAD, PUT, TRACE, CONNECT, PATCH"}.
I, [2018-06-27T12:01:12.160607 #7316]  INFO -- : Writing pact with details {:consumer=>{:name=>"hello-client"}, :provider=>{:name=>"hello-service"}, :pactfile_write_mode=>"overwrite"}
I, [2018-06-27T12:01:12.160685 #7316]  INFO -- : Writing pact for hello-service to /Users/cfonville/Dev/angular-pact-example/pacts/hello-client-hello-service.json
I, [2018-06-27T12:01:12.165112 #7316]  INFO -- : Cleared interactions before example ""
I, [2018-06-27T12:01:35.419096 #7316]  INFO -- : Received OPTIONS request for mock service administration endpoint DELETE /interactions. Returning CORS headers: {"Access-Control-Allow-Origin":"http://localhost:9876","Access-Control-Allow-Headers":"content-type,x-pact-mock-service","Access-Control-Allow-Methods":"DELETE, POST, GET, HEAD, PUT, TRACE, CONNECT, PATCH"}.
I, [2018-06-27T12:01:35.423645 #7316]  INFO -- : Cleared interactions before example ""
I, [2018-06-27T12:01:37.422142 #7316]  INFO -- : Registered expected interaction GET /hello-service/api?name=Chris
D, [2018-06-27T12:01:37.422281 #7316] DEBUG -- : {
  "description": "a request for say hello",
  "request": {
    "method": "GET",
    "path": "/hello-service/api",
    "query": "name=Chris"
  },
  "response": {
    "status": 200,
    "headers": {
      "Content-Type": "application/json"
    },
    "body": "Hello Chris!"
  }
}
I, [2018-06-27T12:01:37.444047 #7316]  INFO -- : Received request GET /hello-service/api?name=Chris
D, [2018-06-27T12:01:37.444236 #7316] DEBUG -- : {
  "path": "/hello-service/api",
  "query": "name=Chris",
  "method": "get",
  "headers": {
    "X-Forwarded-Host": "localhost:9876",
    "X-Forwarded-Proto": "http",
    "X-Forwarded-Port": "9876",
    "X-Forwarded-For": "127.0.0.1",
    "Cookie": "io=oIOK9ICoKf51gb06AAAA",
    "Accept-Language": "en-US,en;q=0.9",
    "Accept-Encoding": "gzip, deflate, br",
    "Referer": "http://localhost:9876/context.html",
    "User-Agent": "Mozilla/5.0 (Macintosh; Intel Mac OS X 10_13_3) AppleWebKit/537.36 (KHTML, like Gecko) Chrome/67.0.3396.99 Safari/537.36",
    "Accept": "application/json, text/plain, */*",
    "Connection": "close",
    "Host": "localhost:9876",
    "Version": "HTTP/1.1"
  }
}
I, [2018-06-27T12:01:37.444384 #7316]  INFO -- : Found matching response for GET /hello-service/api?name=Chris
D, [2018-06-27T12:01:37.444446 #7316] DEBUG -- : {
  "status": 200,
  "headers": {
    "Content-Type": "application/json"
  },
  "body": "Hello Chris!"
}
I, [2018-06-27T12:01:37.459413 #7316]  INFO -- : Received OPTIONS request for mock service administration endpoint GET /interactions/verification. Returning CORS headers: {"Access-Control-Allow-Origin":"http://localhost:9876","Access-Control-Allow-Headers":"content-type,x-pact-mock-service","Access-Control-Allow-Methods":"DELETE, POST, GET, HEAD, PUT, TRACE, CONNECT, PATCH"}.
I, [2018-06-27T12:01:37.464027 #7316]  INFO -- : Verifying - interactions matched for example ""
I, [2018-06-27T12:01:37.469324 #7316]  INFO -- : Cleared interactions before example ""
I, [2018-06-27T12:01:37.474442 #7316]  INFO -- : Received OPTIONS request for mock service administration endpoint POST /pact. Returning CORS headers: {"Access-Control-Allow-Origin":"http://localhost:9876","Access-Control-Allow-Headers":"content-type,x-pact-mock-service","Access-Control-Allow-Methods":"DELETE, POST, GET, HEAD, PUT, TRACE, CONNECT, PATCH"}.
I, [2018-06-27T12:01:37.478442 #7316]  INFO -- : Writing pact with details {:consumer=>{:name=>"hello-client"}, :provider=>{:name=>"hello-service"}, :pactfile_write_mode=>"overwrite"}
I, [2018-06-27T12:01:37.478545 #7316]  INFO -- : Writing pact for hello-service to /Users/cfonville/Dev/angular-pact-example/pacts/hello-client-hello-service.json
I, [2018-06-27T12:01:37.483997 #7316]  INFO -- : Cleared interactions before example ""
